
============= Running time: 0th =============
Creating server and clients ...
FedAvgCNN(
  (conv1): Sequential(
    (0): Conv2d(1, 32, kernel_size=(5, 5), stride=(1, 1))
    (1): ReLU(inplace=True)
    (2): MaxPool2d(kernel_size=(2, 2), stride=(2, 2), padding=0, dilation=1, ceil_mode=False)
  )
  (conv2): Sequential(
    (0): Conv2d(32, 64, kernel_size=(5, 5), stride=(1, 1))
    (1): ReLU(inplace=True)
    (2): MaxPool2d(kernel_size=(2, 2), stride=(2, 2), padding=0, dilation=1, ceil_mode=False)
  )
  (fc1): Sequential(
    (0): Linear(in_features=1024, out_features=512, bias=True)
    (1): ReLU(inplace=True)
  )
  (fc): Linear(in_features=512, out_features=10, bias=True)
)

Join ratio / total clients: 1.0 / 20
Finished creating server and clients.

-------------Round number: 0-------------

Evaluate global model
Traceback (most recent call last):
  File "/home/ubuntu/Downloads/FedALA-main/FedALA-main/system/main.py", line 110, in <module>
    run(args)
  File "/home/ubuntu/Downloads/FedALA-main/FedALA-main/system/main.py", line 56, in run
    server.train()
  File "/home/ubuntu/Downloads/FedALA-main/FedALA-main/system/flcore/servers/serverALA.py", line 50, in train
    self.evaluate()
  File "/home/ubuntu/Downloads/FedALA-main/FedALA-main/system/flcore/servers/serverALA.py", line 151, in evaluate
    stats = self.test_metrics()
  File "/home/ubuntu/Downloads/FedALA-main/FedALA-main/system/flcore/servers/serverALA.py", line 127, in test_metrics
    ct, ns, auc = c.test_metrics()
  File "/home/ubuntu/Downloads/FedALA-main/FedALA-main/system/flcore/clients/clientALA.py", line 98, in test_metrics
    lb = label_binarize(y.detach().cpu().numpy(), np.arange(nc))
TypeError: label_binarize() takes 1 positional argument but 2 were given
